Added Component: Designator=H1(Header4)
Add component. Clean all parameters for all variants
Added Component: Designator=LED1(LED-3)
Add component. Clean all parameters for all variants
Add component (AddParameter): Name = "Value"; Value = "LED 3 ly Single Colour"; VariantName = "[No Variations]"
Added Component: Designator=LED2(LED-3)
Add component. Clean all parameters for all variants
Add component (AddParameter): Name = "Value"; Value = "LED 3 ly Single Colour"; VariantName = "[No Variations]"
Added Component: Designator=LED3(LED-3)
Add component. Clean all parameters for all variants
Add component (AddParameter): Name = "Value"; Value = "LED 3 ly Single Colour"; VariantName = "[No Variations]"
Added Pin To Net: NetName=GND Pin=H1-1
Added Pin To Net: NetName=GND Pin=LED1-2
Added Pin To Net: NetName=GND Pin=LED2-2
Added Pin To Net: NetName=GND Pin=LED3-2
Added Net: Name=GND
Added Pin To Net: NetName=NetH1_2 Pin=H1-2
Added Pin To Net: NetName=NetH1_2 Pin=LED3-1
Added Net: Name=NetH1_2
Added Pin To Net: NetName=NetH1_3 Pin=H1-3
Added Pin To Net: NetName=NetH1_3 Pin=LED2-1
Added Net: Name=NetH1_3
Added Pin To Net: NetName=NetH1_4 Pin=H1-4
Added Pin To Net: NetName=NetH1_4 Pin=LED1-1
Added Net: Name=NetH1_4
Added Class: Name=Mach3led
Added Room: Name=Mach3led
