Removed Pin From Net: NetName=VCC Pin=L1-1
Removed Pin From Net: NetName=VCC Pin=L2-1
Removed Pin From Net: NetName=VCC Pin=L3-1
Removed Pin From Net: NetName=VCC Pin=L4-1
Removed Pin From Net: NetName=GND Pin=R3-1
Removed Pin From Net: NetName=GND Pin=R4-1
Removed Pin From Net: NetName=GND Pin=R5-1
Removed Pin From Net: NetName=GND Pin=R6-1
Removed Pin From Net: NetName=GND Pin=U3-4
Removed Pin From Net: NetName=VCC Pin=U3-8
Removed Pin From Net: NetName=GND Pin=U6-4
Removed Pin From Net: NetName=VCC Pin=U6-8
Removed Pin From Net: NetName=VCC Pin=VR1-1
Removed Pin From Net: NetName=GND Pin=VR1-3
Removed Pin From Net: NetName=VCC Pin=VR2-1
Removed Pin From Net: NetName=GND Pin=VR2-3
Removed Pin From Net: NetName=VCC Pin=VR3-1
Removed Pin From Net: NetName=GND Pin=VR3-3
Removed Pin From Net: NetName=VCC Pin=VR4-1
Removed Pin From Net: NetName=GND Pin=VR4-3
Removed Member From Class: ClassName=MachChinh Member=H5
Removed Member From Class: ClassName=MachChinh Member=L1
Removed Member From Class: ClassName=MachChinh Member=L2
Removed Member From Class: ClassName=MachChinh Member=L3
Removed Member From Class: ClassName=MachChinh Member=L4
Removed Member From Class: ClassName=MachChinh Member=R3
Removed Member From Class: ClassName=MachChinh Member=R4
Removed Member From Class: ClassName=MachChinh Member=R5
Removed Member From Class: ClassName=MachChinh Member=R6
Removed Member From Class: ClassName=MachChinh Member=U3
Removed Member From Class: ClassName=MachChinh Member=U6
Removed Member From Class: ClassName=MachChinh Member=VR1
Removed Member From Class: ClassName=MachChinh Member=VR2
Removed Member From Class: ClassName=MachChinh Member=VR3
Removed Member From Class: ClassName=MachChinh Member=VR4
