Removed Pin From Net: NetName=NetH1_9 Pin=LED1-1
Removed Pin From Net: NetName=NetH1_8 Pin=LED2-1
Removed Pin From Net: NetName=NetH1_7 Pin=LED3-1
Removed Pin From Net: NetName=NetH1_6 Pin=LED4-1
Removed Pin From Net: NetName=NetH1_5 Pin=LED5-1
Removed Pin From Net: NetName=NetH1_4 Pin=LED6-1
Removed Pin From Net: NetName=NetH1_3 Pin=LED7-1
Removed Pin From Net: NetName=NetH1_2 Pin=LED8-1
Added Component: Designator=R1(R1/4W)
Add component. Clean all parameters for all variants
Add component (AddParameter): Name = "Value"; Value = "R1/4W - 1K"; VariantName = "[No Variations]"
Added Component: Designator=R2(R1/4W)
Add component. Clean all parameters for all variants
Add component (AddParameter): Name = "Value"; Value = "R1/4W - 1K"; VariantName = "[No Variations]"
Added Component: Designator=R3(R1/4W)
Add component. Clean all parameters for all variants
Add component (AddParameter): Name = "Value"; Value = "R1/4W - 1K"; VariantName = "[No Variations]"
Added Component: Designator=R4(R1/4W)
Add component. Clean all parameters for all variants
Add component (AddParameter): Name = "Value"; Value = "R1/4W - 1K"; VariantName = "[No Variations]"
Added Component: Designator=R5(R1/4W)
Add component. Clean all parameters for all variants
Add component (AddParameter): Name = "Value"; Value = "R1/4W - 1K"; VariantName = "[No Variations]"
Added Component: Designator=R6(R1/4W)
Add component. Clean all parameters for all variants
Add component (AddParameter): Name = "Value"; Value = "R1/4W - 1K"; VariantName = "[No Variations]"
Added Component: Designator=R7(R1/4W)
Add component. Clean all parameters for all variants
Add component (AddParameter): Name = "Value"; Value = "R1/4W - 1K"; VariantName = "[No Variations]"
Added Component: Designator=R8(R1/4W)
Add component. Clean all parameters for all variants
Add component (AddParameter): Name = "Value"; Value = "R1/4W - 1K"; VariantName = "[No Variations]"
Added Pin To Net: NetName=NetH1_9 Pin=R1-1
Added Pin To Net: NetName=NetH1_8 Pin=R2-1
Added Pin To Net: NetName=NetH1_7 Pin=R3-1
Added Pin To Net: NetName=NetH1_6 Pin=R4-1
Added Pin To Net: NetName=NetH1_5 Pin=R5-1
Added Pin To Net: NetName=NetH1_4 Pin=R6-1
Added Pin To Net: NetName=NetH1_3 Pin=R7-1
Added Pin To Net: NetName=NetH1_2 Pin=R8-1
Added Pin To Net: NetName=NetLED1_1 Pin=LED1-1
Added Pin To Net: NetName=NetLED1_1 Pin=R1-2
Added Net: Name=NetLED1_1
Added Pin To Net: NetName=NetLED2_1 Pin=LED2-1
Added Pin To Net: NetName=NetLED2_1 Pin=R2-2
Added Net: Name=NetLED2_1
Added Pin To Net: NetName=NetLED3_1 Pin=LED3-1
Added Pin To Net: NetName=NetLED3_1 Pin=R3-2
Added Net: Name=NetLED3_1
Added Pin To Net: NetName=NetLED4_1 Pin=LED4-1
Added Pin To Net: NetName=NetLED4_1 Pin=R4-2
Added Net: Name=NetLED4_1
Added Pin To Net: NetName=NetLED5_1 Pin=LED5-1
Added Pin To Net: NetName=NetLED5_1 Pin=R5-2
Added Net: Name=NetLED5_1
Added Pin To Net: NetName=NetLED6_1 Pin=LED6-1
Added Pin To Net: NetName=NetLED6_1 Pin=R6-2
Added Net: Name=NetLED6_1
Added Pin To Net: NetName=NetLED7_1 Pin=LED7-1
Added Pin To Net: NetName=NetLED7_1 Pin=R7-2
Added Net: Name=NetLED7_1
Added Pin To Net: NetName=NetLED8_1 Pin=LED8-1
Added Pin To Net: NetName=NetLED8_1 Pin=R8-2
Added Net: Name=NetLED8_1
Added Member To Class: ClassName=Pcb8led Member=Component R1 1k
Added Member To Class: ClassName=Pcb8led Member=Component R2 1k
Added Member To Class: ClassName=Pcb8led Member=Component R3 1k
Added Member To Class: ClassName=Pcb8led Member=Component R4 1k
Added Member To Class: ClassName=Pcb8led Member=Component R5 1k
Added Member To Class: ClassName=Pcb8led Member=Component R6 1k
Added Member To Class: ClassName=Pcb8led Member=Component R7 1k
Added Member To Class: ClassName=Pcb8led Member=Component R8 1k
