Added Component: Designator=BT1(BUTTON4)
Add component. Clean all parameters for all variants
Added Component: Designator=BT2(BUTTON4)
Add component. Clean all parameters for all variants
Added Component: Designator=BT3(BUTTON4)
Add component. Clean all parameters for all variants
Added Component: Designator=BT4(BUTTON4)
Add component. Clean all parameters for all variants
Added Component: Designator=H1(HDR6)
Add component. Clean all parameters for all variants
Added Component: Designator=R1(R1/4W)
Add component. Clean all parameters for all variants
Add component (AddParameter): Name = "Value"; Value = "R1/4W - 1K"; VariantName = "[No Variations]"
Added Component: Designator=R2(R1/4W)
Add component. Clean all parameters for all variants
Add component (AddParameter): Name = "Value"; Value = "R1/4W - 1K"; VariantName = "[No Variations]"
Added Component: Designator=R3(R1/4W)
Add component. Clean all parameters for all variants
Add component (AddParameter): Name = "Value"; Value = "R1/4W - 1K"; VariantName = "[No Variations]"
Added Component: Designator=R4(R1/4W)
Add component. Clean all parameters for all variants
Add component (AddParameter): Name = "Value"; Value = "R1/4W - 1K"; VariantName = "[No Variations]"
Added Pin To Net: NetName=BT1 Pin=BT1-1
Added Pin To Net: NetName=BT1 Pin=H1-3
Added Pin To Net: NetName=BT1 Pin=R1-1
Added Net: Name=BT1
Added Pin To Net: NetName=BT2 Pin=BT2-1
Added Pin To Net: NetName=BT2 Pin=H1-4
Added Pin To Net: NetName=BT2 Pin=R2-1
Added Net: Name=BT2
Added Pin To Net: NetName=BT3 Pin=BT3-1
Added Pin To Net: NetName=BT3 Pin=H1-5
Added Pin To Net: NetName=BT3 Pin=R3-1
Added Net: Name=BT3
Added Pin To Net: NetName=BT4 Pin=BT4-1
Added Pin To Net: NetName=BT4 Pin=H1-6
Added Pin To Net: NetName=BT4 Pin=R4-1
Added Net: Name=BT4
Added Pin To Net: NetName=GND Pin=BT1-4
Added Pin To Net: NetName=GND Pin=BT2-4
Added Pin To Net: NetName=GND Pin=BT3-4
Added Pin To Net: NetName=GND Pin=BT4-4
Added Pin To Net: NetName=GND Pin=H1-2
Added Net: Name=GND
Added Pin To Net: NetName=VCC Pin=H1-1
Added Pin To Net: NetName=VCC Pin=R1-2
Added Pin To Net: NetName=VCC Pin=R2-2
Added Pin To Net: NetName=VCC Pin=R3-2
Added Pin To Net: NetName=VCC Pin=R4-2
Added Net: Name=VCC
Added Member To Class: ClassName=ra-chan Member=Component BT1 BUTTON
Added Member To Class: ClassName=ra-chan Member=Component BT2 BUTTON
Added Member To Class: ClassName=ra-chan Member=Component BT3 BUTTON
Added Member To Class: ClassName=ra-chan Member=Component BT4 BUTTON
Added Member To Class: ClassName=ra-chan Member=Component H1 Header6
Added Member To Class: ClassName=ra-chan Member=Component R1 1k
Added Member To Class: ClassName=ra-chan Member=Component R2 1k
Added Member To Class: ClassName=ra-chan Member=Component R3 1k
Added Member To Class: ClassName=ra-chan Member=Component R4 1k
Added Room: Name=ra-chan
